2020-04-24 14:59:09,566 自定义封装 DEBUG 发送post请求
2020-04-24 14:59:11,788 自定义封装 DEBUG 发送get请求
2020-04-24 14:59:37,968 G:\pycharm\script\api_frame\utils\logUtil.py INFO 自动生成allure 报告成功
2020-04-24 14:59:39,494 G:\pycharm\script\api_frame\utils\logUtil.py INFO 邮件发送成功
2020-04-24 15:01:17,897 G:\pycharm\script\api_frame\utils\logUtil.py INFO 自动生成allure 报告成功
2020-04-24 15:01:19,504 G:\pycharm\script\api_frame\utils\logUtil.py INFO 邮件发送成功
2020-04-24 15:04:31,779 G:\pycharm\script\api_frame\utils\logUtil.py INFO 自动生成allure 报告成功
2020-04-24 15:04:32,401 G:\pycharm\script\api_frame\utils\logUtil.py INFO 邮件发送成功
2020-04-24 15:07:18,587 自定义封装 DEBUG 发送post请求
2020-04-24 15:07:19,876 自定义封装 DEBUG 发送get请求
2020-04-24 15:07:21,068 自定义封装 DEBUG 发送post请求
2020-04-24 15:07:22,643 自定义封装 DEBUG 发送post请求
2020-04-24 15:07:25,558 G:\pycharm\script\api_frame\utils\logUtil.py INFO 自动生成allure 报告成功
2020-04-24 15:07:26,161 G:\pycharm\script\api_frame\utils\logUtil.py INFO 邮件发送成功
2020-04-24 15:08:35,437 自定义封装 DEBUG 发送post请求
2020-04-24 15:08:36,268 自定义封装 DEBUG 发送get请求
2020-04-24 15:08:36,918 自定义封装 DEBUG 发送post请求
2020-04-24 15:08:38,441 自定义封装 DEBUG 发送post请求
2020-04-24 15:08:41,209 G:\pycharm\script\api_frame\utils\logUtil.py INFO 自动生成allure 报告成功
2020-04-24 15:08:42,907 G:\pycharm\script\api_frame\utils\logUtil.py INFO 邮件发送成功
2020-04-24 15:09:38,758 自定义封装 DEBUG 发送post请求
2020-04-24 15:09:41,076 自定义封装 DEBUG 发送get请求
2020-04-24 15:09:41,702 自定义封装 DEBUG 发送post请求
2020-04-24 15:09:43,342 自定义封装 DEBUG 发送post请求
2020-04-24 15:09:46,127 G:\pycharm\script\api_frame\utils\logUtil.py INFO 自动生成allure 报告成功
2020-04-24 15:09:47,774 G:\pycharm\script\api_frame\utils\logUtil.py INFO 邮件发送成功
2020-04-24 15:11:15,170 自定义封装 DEBUG 发送post请求
2020-04-24 15:11:16,546 自定义封装 DEBUG 发送get请求
2020-04-24 15:11:17,435 自定义封装 DEBUG 发送post请求
2020-04-24 15:11:19,024 自定义封装 DEBUG 发送post请求
2020-04-24 15:11:22,044 G:\pycharm\script\api_frame\utils\logUtil.py INFO 自动生成allure 报告成功
2020-04-24 15:11:22,827 G:\pycharm\script\api_frame\utils\logUtil.py INFO 邮件发送成功
2020-04-24 15:13:59,591 自定义封装 DEBUG 发送post请求
2020-04-24 15:14:01,521 自定义封装 DEBUG 发送get请求
2020-04-24 15:14:04,922 G:\pycharm\script\api_frame\utils\logUtil.py INFO 自动生成allure 报告成功
2020-04-24 15:14:05,616 G:\pycharm\script\api_frame\utils\logUtil.py INFO 邮件发送成功
2020-04-24 15:14:41,615 自定义封装 DEBUG 发送post请求
2020-04-24 15:14:43,053 自定义封装 DEBUG 发送get请求
2020-04-24 15:14:46,027 G:\pycharm\script\api_frame\utils\logUtil.py INFO 自动生成allure 报告成功
2020-04-24 15:14:46,757 G:\pycharm\script\api_frame\utils\logUtil.py INFO 邮件发送成功
2020-04-24 15:19:57,622 自定义封装 DEBUG 发送post请求
2020-04-24 15:20:00,533 自定义封装 DEBUG 发送get请求
2020-04-24 15:20:03,520 G:\pycharm\script\api_frame\utils\logUtil.py INFO 自动生成allure 报告成功
2020-04-24 15:20:04,130 G:\pycharm\script\api_frame\utils\logUtil.py INFO 邮件发送成功
2020-04-24 15:37:30,459 自定义封装 DEBUG 发送post请求
2020-04-24 15:37:33,076 自定义封装 DEBUG 发送get请求
2020-04-24 15:37:36,446 G:\pycharm\script\api_frame\utils\logUtil.py INFO 自动生成allure 报告成功
2020-04-24 15:37:37,024 G:\pycharm\script\api_frame\utils\logUtil.py INFO 邮件发送成功
2020-04-24 16:26:57,949 自定义封装 DEBUG 发送post请求
2020-04-24 16:26:58,169 AssertUilt ERROR 不包含或者body错误; body is "{'non_field_errors': ['\u65e0\u6548\u6570\u636e\u3002\u671f\u5f85\u4e3a\u5b57\u5178\u7c7b\u578b\uff0c\u5f97\u5230\u7684\u662f str \u3002']}",expected_body is 无效数据。期待为字典类型
2020-04-24 16:26:58,282 自定义封装 DEBUG 发送post请求
2020-04-24 16:26:58,405 AssertUilt ERROR 不包含或者body错误; body is "{'username': ['\u8be5\u5b57\u6bb5\u4e0d\u80fd\u4e3a\u7a7a\u3002']}",expected_body is username': ['该字段不能为空。']
2020-04-24 16:26:58,438 自定义封装 DEBUG 发送post请求
2020-04-24 16:26:58,614 AssertUilt ERROR 不包含或者body错误; body is "{'username': ['\u8be5\u5b57\u6bb5\u4e0d\u80fd\u4e3a\u7a7a\u3002'], 'password': ['\u8be5\u5b57\u6bb5\u4e0d\u80fd\u4e3a\u7a7a\u3002']}",expected_body is password': ['该字段不能为空。']
2020-04-24 16:26:58,642 自定义封装 DEBUG 发送post请求
2020-04-24 16:26:59,364 AssertUilt ERROR 不包含或者body错误; body is "{'token': 'eyJ0eXAiOiJKV1QiLCJhbGciOiJIUzI1NiJ9.eyJlbWFpbCI6Ijk1MjY3MzYzOEBxcS5jb20iLCJleHAiOjE1ODc4MDI1NTcsInVzZXJuYW1lIjoicHl0aG9uIiwidXNlcl9pZCI6MX0.CYCclKWnsvoGU8sEONpmB6-hK6DEMJao4EpNGgIbiak', 'username': 'python', 'user_id': 1}",expected_body is user_id': 1, 'username': 'python'
2020-04-24 16:26:59,392 自定义封装 DEBUG 发送post请求
2020-04-24 16:27:00,455 AssertUilt ERROR 不包含或者body错误; body is "{'non_field_errors': ['\u65e0\u6cd5\u4f7f\u7528\u63d0\u4f9b\u7684\u8ba4\u8bc1\u4fe1\u606f\u767b\u5f55\u3002']}",expected_body is 无法使用提供的认证信息登录
2020-04-24 16:27:00,486 自定义封装 DEBUG 发送get请求
2020-04-24 16:27:00,617 AssertUilt ERROR 不包含或者body错误; body is "{'detail': '\u8eab\u4efd\u8ba4\u8bc1\u4fe1\u606f\u672a\u63d0\u4f9b\u3002'}",expected_body is 身份认证信息未提供
2020-04-24 16:27:00,664 自定义封装 DEBUG 发送post请求
2020-04-24 16:27:02,110 自定义封装 DEBUG 发送get请求
2020-04-24 16:27:02,660 自定义封装 DEBUG 发送get请求
2020-04-24 16:27:03,409 自定义封装 DEBUG 发送post请求
2020-04-24 16:27:04,660 自定义封装 DEBUG 发送post请求
2020-04-24 16:27:05,400 自定义封装 DEBUG 发送post请求
2020-04-24 16:27:08,070 自定义封装 DEBUG 发送post请求
2020-04-24 16:27:59,680 AssertUilt ERROR code error; code is 507,expected_code is 201
2020-04-24 16:28:02,885 G:\pycharm\script\api_frame\utils\logUtil.py INFO 自动生成allure 报告成功
2020-04-24 16:28:03,556 G:\pycharm\script\api_frame\utils\logUtil.py INFO 邮件发送成功
2020-04-24 16:32:44,831 自定义封装 DEBUG 发送post请求
2020-04-24 16:32:45,054 AssertUilt ERROR 不包含或者body错误; body is "{'non_field_errors': ['\u65e0\u6548\u6570\u636e\u3002\u671f\u5f85\u4e3a\u5b57\u5178\u7c7b\u578b\uff0c\u5f97\u5230\u7684\u662f str \u3002']}",expected_body is 无效数据。期待为字典类型
2020-04-24 16:32:45,146 自定义封装 DEBUG 发送post请求
2020-04-24 16:32:45,271 AssertUilt ERROR 不包含或者body错误; body is "{'username': ['\u8be5\u5b57\u6bb5\u4e0d\u80fd\u4e3a\u7a7a\u3002']}",expected_body is username': ['该字段不能为空。']
2020-04-24 16:32:45,302 自定义封装 DEBUG 发送post请求
2020-04-24 16:32:45,495 AssertUilt ERROR 不包含或者body错误; body is "{'username': ['\u8be5\u5b57\u6bb5\u4e0d\u80fd\u4e3a\u7a7a\u3002'], 'password': ['\u8be5\u5b57\u6bb5\u4e0d\u80fd\u4e3a\u7a7a\u3002']}",expected_body is password': ['该字段不能为空。']
2020-04-24 16:32:45,522 自定义封装 DEBUG 发送post请求
2020-04-24 16:32:47,619 AssertUilt ERROR 不包含或者body错误; body is "{'token': 'eyJ0eXAiOiJKV1QiLCJhbGciOiJIUzI1NiJ9.eyJlbWFpbCI6Ijk1MjY3MzYzOEBxcS5jb20iLCJleHAiOjE1ODc4MDI5MDUsInVzZXJuYW1lIjoicHl0aG9uIiwidXNlcl9pZCI6MX0.Ikyr567Og37PFSMVZICUpAZYoqhgCPJuvQudi4BLPDU', 'username': 'python', 'user_id': 1}",expected_body is user_id': 1, 'username': 'python'
2020-04-24 16:32:47,646 自定义封装 DEBUG 发送post请求
2020-04-24 16:32:48,468 AssertUilt ERROR 不包含或者body错误; body is "{'non_field_errors': ['\u65e0\u6cd5\u4f7f\u7528\u63d0\u4f9b\u7684\u8ba4\u8bc1\u4fe1\u606f\u767b\u5f55\u3002']}",expected_body is 无法使用提供的认证信息登录
2020-04-24 16:32:48,496 自定义封装 DEBUG 发送get请求
2020-04-24 16:32:48,681 AssertUilt ERROR 不包含或者body错误; body is "{'detail': '\u8eab\u4efd\u8ba4\u8bc1\u4fe1\u606f\u672a\u63d0\u4f9b\u3002'}",expected_body is 身份认证信息未提供
2020-04-24 16:32:48,713 自定义封装 DEBUG 发送post请求
2020-04-24 16:32:49,395 自定义封装 DEBUG 发送get请求
2020-04-24 16:32:50,048 自定义封装 DEBUG 发送get请求
2020-04-24 16:32:50,689 自定义封装 DEBUG 发送post请求
2020-04-24 16:32:52,168 自定义封装 DEBUG 发送post请求
2020-04-24 16:32:52,782 自定义封装 DEBUG 发送post请求
2020-04-24 16:32:55,003 自定义封装 DEBUG 发送post请求
2020-04-24 16:33:46,442 AssertUilt ERROR code error; code is 507,expected_code is 201
2020-04-24 16:33:49,354 G:\pycharm\script\api_frame\utils\logUtil.py INFO 自动生成allure 报告成功
2020-04-24 16:33:49,843 G:\pycharm\script\api_frame\utils\logUtil.py INFO 邮件发送成功
2020-04-24 16:38:58,411 自定义封装 DEBUG 发送post请求
2020-04-24 16:39:00,190 自定义封装 DEBUG 发送get请求
2020-04-24 16:39:03,710 G:\pycharm\script\api_frame\utils\logUtil.py INFO 自动生成allure 报告成功
2020-04-24 16:39:04,309 G:\pycharm\script\api_frame\utils\logUtil.py INFO 邮件发送成功
2020-04-24 16:43:45,635 G:\pycharm\script\api_frame\utils\logUtil.py INFO 自动生成allure 报告成功
2020-04-24 16:43:47,104 G:\pycharm\script\api_frame\utils\logUtil.py INFO 邮件发送成功
2020-04-24 16:44:07,405 G:\pycharm\script\api_frame\utils\logUtil.py INFO 自动生成allure 报告成功
2020-04-24 16:44:08,908 G:\pycharm\script\api_frame\utils\logUtil.py INFO 邮件发送成功
2020-04-24 16:46:39,366 自定义封装 DEBUG 发送post请求
2020-04-24 16:46:41,916 自定义封装 DEBUG 发送get请求
2020-04-24 16:46:45,204 G:\pycharm\script\api_frame\utils\logUtil.py INFO 自动生成allure 报告成功
2020-04-24 16:46:45,754 G:\pycharm\script\api_frame\utils\logUtil.py INFO 邮件发送成功
2020-04-24 16:48:24,174 自定义封装 DEBUG 发送post请求
2020-04-24 16:48:26,514 自定义封装 DEBUG 发送get请求
2020-04-24 16:48:29,644 G:\pycharm\script\api_frame\utils\logUtil.py INFO 自动生成allure 报告成功
2020-04-24 16:48:30,216 G:\pycharm\script\api_frame\utils\logUtil.py INFO 邮件发送成功
2020-04-24 16:50:44,083 G:\pycharm\script\api_frame\utils\logUtil.py INFO 自动生成allure 报告成功
2020-04-24 16:50:45,522 G:\pycharm\script\api_frame\utils\logUtil.py INFO 邮件发送成功
2020-04-24 16:55:23,814 自定义封装 DEBUG 发送post请求
2020-04-24 16:55:25,353 自定义封装 DEBUG 发送get请求
2020-04-24 16:55:28,677 G:\pycharm\script\api_frame\utils\logUtil.py INFO 自动生成allure 报告成功
2020-04-24 16:55:29,424 G:\pycharm\script\api_frame\utils\logUtil.py INFO 邮件发送成功
2020-04-24 17:12:13,621 G:\pycharm\script\api_frame\utils\logUtil.py INFO 自动生成allure 报告成功
2020-04-24 17:12:14,213 G:\pycharm\script\api_frame\utils\logUtil.py INFO 邮件发送成功
2020-04-24 17:25:46,714 自定义封装 DEBUG 发送post请求
2020-04-24 17:25:46,977 AssertUilt ERROR 不包含或者body错误; body is "{'non_field_errors': ['\u65e0\u6548\u6570\u636e\u3002\u671f\u5f85\u4e3a\u5b57\u5178\u7c7b\u578b\uff0c\u5f97\u5230\u7684\u662f str \u3002']}",expected_body is 无效数据。期待为字典类型
2020-04-24 17:25:49,554 G:\pycharm\script\api_frame\utils\logUtil.py INFO 自动生成allure 报告成功
2020-04-24 17:25:50,972 G:\pycharm\script\api_frame\utils\logUtil.py INFO 邮件发送成功
2020-04-24 17:27:35,650 自定义封装 DEBUG 发送post请求
2020-04-24 17:27:37,147 AssertUilt ERROR 不包含或者body错误; body is "{'token': 'eyJ0eXAiOiJKV1QiLCJhbGciOiJIUzI1NiJ9.eyJlbWFpbCI6Ijk1MjY3MzYzOEBxcS5jb20iLCJleHAiOjE1ODc4MDYxOTQsInVzZXJuYW1lIjoicHl0aG9uIiwidXNlcl9pZCI6MX0.1Nu89h39p9h0PSOutUMsuutLVnCFp-Q62YyNdTvgHF8', 'username': 'python', 'user_id': 1}",expected_body is user_id': 1, 'username': 'python'
2020-04-24 17:27:39,752 G:\pycharm\script\api_frame\utils\logUtil.py INFO 自动生成allure 报告成功
2020-04-24 17:27:41,371 G:\pycharm\script\api_frame\utils\logUtil.py INFO 邮件发送成功
2020-04-24 17:28:58,207 自定义封装 DEBUG 发送post请求
2020-04-24 17:29:00,104 自定义封装 DEBUG 发送get请求
2020-04-24 17:29:03,285 G:\pycharm\script\api_frame\utils\logUtil.py INFO 自动生成allure 报告成功
2020-04-24 17:29:03,964 G:\pycharm\script\api_frame\utils\logUtil.py INFO 邮件发送成功
2020-04-24 17:30:14,916 自定义封装 DEBUG 发送post请求
2020-04-24 17:30:16,111 自定义封装 DEBUG 发送get请求
2020-04-24 17:30:19,159 G:\pycharm\script\api_frame\utils\logUtil.py INFO 自动生成allure 报告成功
2020-04-24 17:30:19,812 G:\pycharm\script\api_frame\utils\logUtil.py INFO 邮件发送成功
2020-04-24 17:31:57,154 G:\pycharm\script\api_frame\utils\logUtil.py INFO 自动生成allure 报告成功
2020-04-24 17:31:59,174 G:\pycharm\script\api_frame\utils\logUtil.py INFO 邮件发送成功
2020-04-24 17:32:19,086 G:\pycharm\script\api_frame\utils\logUtil.py INFO 自动生成allure 报告成功
2020-04-24 17:32:20,599 G:\pycharm\script\api_frame\utils\logUtil.py INFO 邮件发送成功
2020-04-24 17:36:17,988 G:\pycharm\script\api_frame\utils\logUtil.py INFO 自动生成allure 报告成功
2020-04-24 17:36:18,593 G:\pycharm\script\api_frame\utils\logUtil.py INFO 邮件发送成功
2020-04-24 17:36:42,820 G:\pycharm\script\api_frame\utils\logUtil.py INFO 自动生成allure 报告成功
2020-04-24 17:36:44,460 G:\pycharm\script\api_frame\utils\logUtil.py INFO 邮件发送成功
2020-04-24 17:37:29,596 自定义封装 DEBUG 发送post请求
2020-04-24 17:37:31,774 自定义封装 DEBUG 发送get请求
2020-04-24 17:37:34,840 G:\pycharm\script\api_frame\utils\logUtil.py INFO 自动生成allure 报告成功
2020-04-24 17:37:35,405 G:\pycharm\script\api_frame\utils\logUtil.py INFO 邮件发送成功
2020-04-24 17:40:52,662 自定义封装 DEBUG 发送post请求
2020-04-24 17:40:54,708 自定义封装 DEBUG 发送get请求
2020-04-24 17:40:57,561 G:\pycharm\script\api_frame\utils\logUtil.py INFO 自动生成allure 报告成功
2020-04-24 17:40:57,990 G:\pycharm\script\api_frame\utils\logUtil.py INFO 邮件发送成功
2020-04-24 17:42:28,765 自定义封装 DEBUG 发送post请求
2020-04-24 17:42:31,124 自定义封装 DEBUG 发送get请求
2020-04-24 17:42:34,417 G:\pycharm\script\api_frame\utils\logUtil.py INFO 自动生成allure 报告成功
2020-04-24 17:42:34,891 G:\pycharm\script\api_frame\utils\logUtil.py INFO 邮件发送成功
2020-04-24 17:44:23,822 自定义封装 DEBUG 发送post请求
2020-04-24 17:44:24,154 AssertUilt ERROR 不包含或者body错误; body is "{'non_field_errors': ['\u65e0\u6548\u6570\u636e\u3002\u671f\u5f85\u4e3a\u5b57\u5178\u7c7b\u578b\uff0c\u5f97\u5230\u7684\u662f str \u3002']}",expected_body is 无效数据。期待为字典类型
2020-04-24 17:44:24,226 自定义封装 DEBUG 发送post请求
2020-04-24 17:44:24,380 AssertUilt ERROR 不包含或者body错误; body is "{'username': ['\u8be5\u5b57\u6bb5\u4e0d\u80fd\u4e3a\u7a7a\u3002']}",expected_body is username': ['该字段不能为空。']
2020-04-24 17:44:24,407 自定义封装 DEBUG 发送post请求
2020-04-24 17:44:24,611 AssertUilt ERROR 不包含或者body错误; body is "{'username': ['\u8be5\u5b57\u6bb5\u4e0d\u80fd\u4e3a\u7a7a\u3002'], 'password': ['\u8be5\u5b57\u6bb5\u4e0d\u80fd\u4e3a\u7a7a\u3002']}",expected_body is password': ['该字段不能为空。']
2020-04-24 17:44:24,639 自定义封装 DEBUG 发送post请求
2020-04-24 17:44:25,558 AssertUilt ERROR 不包含或者body错误; body is "{'token': 'eyJ0eXAiOiJKV1QiLCJhbGciOiJIUzI1NiJ9.eyJlbWFpbCI6Ijk1MjY3MzYzOEBxcS5jb20iLCJleHAiOjE1ODc4MDcyMDMsInVzZXJuYW1lIjoicHl0aG9uIiwidXNlcl9pZCI6MX0.9w7O4MO3Em6rYP-fGbLGzdmdcysXZBVgJpVyJzdqQvI', 'username': 'python', 'user_id': 1}",expected_body is user_id': 1, 'username': 'python'
2020-04-24 17:44:25,586 自定义封装 DEBUG 发送post请求
2020-04-24 17:44:26,440 AssertUilt ERROR 不包含或者body错误; body is "{'non_field_errors': ['\u65e0\u6cd5\u4f7f\u7528\u63d0\u4f9b\u7684\u8ba4\u8bc1\u4fe1\u606f\u767b\u5f55\u3002']}",expected_body is 无法使用提供的认证信息登录
2020-04-24 17:44:26,473 自定义封装 DEBUG 发送post请求
2020-04-24 17:44:28,366 自定义封装 DEBUG 发送get请求
2020-04-24 17:44:31,680 G:\pycharm\script\api_frame\utils\logUtil.py INFO 自动生成allure 报告成功
2020-04-24 17:44:32,310 G:\pycharm\script\api_frame\utils\logUtil.py INFO 邮件发送成功
2020-04-24 17:48:30,747 自定义封装 DEBUG 发送post请求
2020-04-24 17:48:31,115 AssertUilt ERROR 不包含或者body错误; body is "{'non_field_errors': ['\u65e0\u6548\u6570\u636e\u3002\u671f\u5f85\u4e3a\u5b57\u5178\u7c7b\u578b\uff0c\u5f97\u5230\u7684\u662f str \u3002']}",expected_body is 无效数据。期待为字典类型
2020-04-24 17:48:31,194 自定义封装 DEBUG 发送post请求
2020-04-24 17:48:31,455 AssertUilt ERROR 不包含或者body错误; body is "{'username': ['\u8be5\u5b57\u6bb5\u4e0d\u80fd\u4e3a\u7a7a\u3002']}",expected_body is username': ['该字段不能为空。']
2020-04-24 17:48:31,483 自定义封装 DEBUG 发送post请求
2020-04-24 17:48:31,725 AssertUilt ERROR 不包含或者body错误; body is "{'username': ['\u8be5\u5b57\u6bb5\u4e0d\u80fd\u4e3a\u7a7a\u3002'], 'password': ['\u8be5\u5b57\u6bb5\u4e0d\u80fd\u4e3a\u7a7a\u3002']}",expected_body is password': ['该字段不能为空。']
2020-04-24 17:48:31,752 自定义封装 DEBUG 发送post请求
2020-04-24 17:48:33,659 AssertUilt ERROR 不包含或者body错误; body is "{'token': 'eyJ0eXAiOiJKV1QiLCJhbGciOiJIUzI1NiJ9.eyJlbWFpbCI6Ijk1MjY3MzYzOEBxcS5jb20iLCJleHAiOjE1ODc4MDc0NTAsInVzZXJuYW1lIjoicHl0aG9uIiwidXNlcl9pZCI6MX0.pprCwwufZLpK3vhGwT-2LdBMmOjpQdxq7KSmcK2Ssdo', 'username': 'python', 'user_id': 1}",expected_body is user_id': 1, 'username': 'python'
2020-04-24 17:48:33,702 自定义封装 DEBUG 发送post请求
2020-04-24 17:48:35,678 AssertUilt ERROR 不包含或者body错误; body is "{'non_field_errors': ['\u65e0\u6cd5\u4f7f\u7528\u63d0\u4f9b\u7684\u8ba4\u8bc1\u4fe1\u606f\u767b\u5f55\u3002']}",expected_body is 无法使用提供的认证信息登录
2020-04-24 17:48:35,713 自定义封装 DEBUG 发送post请求
2020-04-24 17:48:37,207 自定义封装 DEBUG 发送get请求
2020-04-24 17:48:40,571 G:\pycharm\script\api_frame\utils\logUtil.py INFO 自动生成allure 报告成功
2020-04-24 17:48:41,054 G:\pycharm\script\api_frame\utils\logUtil.py INFO 邮件发送成功
2020-04-24 17:49:51,064 自定义封装 DEBUG 发送post请求
2020-04-24 17:49:53,289 自定义封装 DEBUG 发送get请求
2020-04-24 17:49:56,298 G:\pycharm\script\api_frame\utils\logUtil.py INFO 自动生成allure 报告成功
2020-04-24 17:49:56,913 G:\pycharm\script\api_frame\utils\logUtil.py INFO 邮件发送成功
2020-04-24 17:59:13,552 自定义封装 DEBUG 发送post请求
2020-04-24 17:59:15,191 自定义封装 DEBUG 发送get请求
2020-04-24 17:59:18,249 G:\pycharm\script\api_frame\utils\logUtil.py INFO 自动生成allure 报告成功
2020-04-24 17:59:19,796 G:\pycharm\script\api_frame\utils\logUtil.py INFO 邮件发送成功
